2017-12-19 16:49:26,341 INFO  [Log] Firefox is launched 
2017-12-19 16:49:34,820 INFO  [Log] CRM PRO url is launched 
2017-12-19 16:49:34,822 INFO  [Log] **************************************************************************************** 
2017-12-19 16:49:34,822 INFO  [Log] **************************************************************************************** 
2017-12-19 16:49:34,822 INFO  [Log] $$$$$$$$$$$$$$$$$$$$$                 crm.testcases.LoginTest------S-T-A-R-T-S-      $$$$$$$$$$$$$$$$$$$$$$$$$ 
2017-12-19 16:49:34,822 INFO  [Log] **************************************************************************************** 
2017-12-19 16:49:34,822 INFO  [Log] **************************************************************************************** 
2017-12-19 16:49:49,195 INFO  [Log] Login happended successfully 
2017-12-19 16:49:49,195 INFO  [Log] crm.testcases.LoginTest is passed successfully 
2017-12-19 16:49:50,692 INFO  [Log] X 
2017-12-19 16:49:50,692 INFO  [Log] X 
2017-12-19 16:49:50,692 INFO  [Log] XXXXXXXXXXXXXXXXXXXXXXX             crm.testcases.LoginTest-----E---N---D-             XXXXXXXXXXXXXXXXXXXXXX 
2017-12-19 16:49:50,692 INFO  [Log] X 
2017-12-19 16:49:50,692 INFO  [Log] X 
2017-12-19 16:49:54,684 INFO  [Log] Firefox is launched 
2017-12-19 16:50:02,646 INFO  [Log] CRM PRO url is launched 
2017-12-19 16:50:02,646 INFO  [Log] **************************************************************************************** 
2017-12-19 16:50:02,646 INFO  [Log] **************************************************************************************** 
2017-12-19 16:50:02,646 INFO  [Log] $$$$$$$$$$$$$$$$$$$$$                 crm.testcases.HomePage_BasicInfoTest------S-T-A-R-T-S-      $$$$$$$$$$$$$$$$$$$$$$$$$ 
2017-12-19 16:50:02,646 INFO  [Log] **************************************************************************************** 
2017-12-19 16:50:02,646 INFO  [Log] **************************************************************************************** 
2017-12-19 16:53:44,850 INFO  [Log] Firefox is launched 
2017-12-19 16:53:50,955 INFO  [Log] CRM PRO url is launched 
2017-12-19 16:53:50,955 INFO  [Log] **************************************************************************************** 
2017-12-19 16:53:50,955 INFO  [Log] **************************************************************************************** 
2017-12-19 16:53:50,955 INFO  [Log] $$$$$$$$$$$$$$$$$$$$$                 crm.testcases.HomePage_BasicInfoTest------S-T-A-R-T-S-      $$$$$$$$$$$$$$$$$$$$$$$$$ 
2017-12-19 16:53:50,955 INFO  [Log] **************************************************************************************** 
2017-12-19 16:53:50,955 INFO  [Log] **************************************************************************************** 
2017-12-19 16:54:02,963 INFO  [Log] user has logged in 
2017-12-19 16:57:24,721 INFO  [Log] X 
2017-12-19 16:57:24,721 INFO  [Log] X 
2017-12-19 16:57:24,721 INFO  [Log] XXXXXXXXXXXXXXXXXXXXXXX             crm.testcases.HomePage_BasicInfoTest-----E---N---D-             XXXXXXXXXXXXXXXXXXXXXX 
2017-12-19 16:57:24,721 INFO  [Log] X 
2017-12-19 16:57:24,721 INFO  [Log] X 
2017-12-19 17:02:06,598 INFO  [Log] Firefox is launched 
2017-12-19 17:02:13,915 INFO  [Log] CRM PRO url is launched 
2017-12-19 17:02:13,915 INFO  [Log] **************************************************************************************** 
2017-12-19 17:02:13,915 INFO  [Log] **************************************************************************************** 
2017-12-19 17:02:13,915 INFO  [Log] $$$$$$$$$$$$$$$$$$$$$                 crm.testcases.HomePage_BasicInfoTest------S-T-A-R-T-S-      $$$$$$$$$$$$$$$$$$$$$$$$$ 
2017-12-19 17:02:13,915 INFO  [Log] **************************************************************************************** 
2017-12-19 17:02:13,915 INFO  [Log] **************************************************************************************** 
2017-12-19 17:02:31,083 INFO  [Log] user has logged in 
2017-12-19 17:02:31,115 INFO  [Log] Switched to frame of execution 
2017-12-19 17:02:31,474 INFO  [Log] Logged into correct Application: CRMPRO 
2017-12-19 17:02:33,412 INFO  [Log] X 
2017-12-19 17:02:33,412 INFO  [Log] X 
2017-12-19 17:02:33,412 INFO  [Log] XXXXXXXXXXXXXXXXXXXXXXX             crm.testcases.HomePage_BasicInfoTest-----E---N---D-             XXXXXXXXXXXXXXXXXXXXXX 
2017-12-19 17:02:33,412 INFO  [Log] X 
2017-12-19 17:02:33,412 INFO  [Log] X 
2017-12-19 17:49:15,164 INFO  [Log] Firefox is launched 
2017-12-19 17:49:25,000 INFO  [Log] CRM PRO url is launched 
2017-12-19 17:49:25,000 INFO  [Log] **************************************************************************************** 
2017-12-19 17:49:25,000 INFO  [Log] **************************************************************************************** 
2017-12-19 17:49:25,000 INFO  [Log] $$$$$$$$$$$$$$$$$$$$$                 crm.testcases.HomePage_BasicInfoTest------S-T-A-R-T-S-      $$$$$$$$$$$$$$$$$$$$$$$$$ 
2017-12-19 17:49:25,000 INFO  [Log] **************************************************************************************** 
2017-12-19 17:49:25,000 INFO  [Log] **************************************************************************************** 
2017-12-19 17:49:37,321 INFO  [Log] user has logged in 
2017-12-19 17:49:37,416 INFO  [Log] Switched to frame of execution 
2017-12-19 17:49:37,978 INFO  [Log] Logged into correct Application: CRMPRO 
2017-12-19 17:49:38,047 INFO  [Log] logged in user is: hemant01 
2017-12-19 17:49:38,187 INFO  [Log] Headers are correct 
2017-12-19 17:49:38,728 INFO  [Log] Menu names displayed 
2017-12-19 17:49:41,997 INFO  [Log] SubMenu names displayed 
2017-12-19 17:49:43,251 INFO  [Log] X 
2017-12-19 17:49:43,251 INFO  [Log] X 
2017-12-19 17:49:43,251 INFO  [Log] XXXXXXXXXXXXXXXXXXXXXXX             crm.testcases.HomePage_BasicInfoTest-----E---N---D-             XXXXXXXXXXXXXXXXXXXXXX 
2017-12-19 17:49:43,251 INFO  [Log] X 
2017-12-19 17:49:43,251 INFO  [Log] X 
2017-12-22 13:50:21,315 INFO  [Log] Firefox is launched 
2017-12-22 13:50:28,853 INFO  [Log] CRM PRO url is launched 
2017-12-22 13:50:28,853 INFO  [Log] **************************************************************************************** 
2017-12-22 13:50:28,854 INFO  [Log] **************************************************************************************** 
2017-12-22 13:50:28,854 INFO  [Log] $$$$$$$$$$$$$$$$$$$$$                 crm.testcases.HomePage_BasicInfoTest------S-T-A-R-T-S-      $$$$$$$$$$$$$$$$$$$$$$$$$ 
2017-12-22 13:50:28,854 INFO  [Log] **************************************************************************************** 
2017-12-22 13:50:28,854 INFO  [Log] **************************************************************************************** 
2017-12-22 13:50:38,291 INFO  [Log] user has logged in 
2017-12-22 13:50:38,446 INFO  [Log] Switched to frame of execution 
2017-12-22 13:50:38,595 INFO  [Log] Logged into correct Application: CRMPRO 
2017-12-22 13:50:38,654 INFO  [Log] logged in user is: hemant01 
2017-12-22 13:50:38,917 INFO  [Log] Headers are correct 
2017-12-22 13:50:39,320 INFO  [Log] Menu names displayed 
2017-12-22 13:50:42,527 INFO  [Log] SubMenu names displayed 
2017-12-22 13:50:44,434 INFO  [Log] X 
2017-12-22 13:50:44,434 INFO  [Log] X 
2017-12-22 13:50:44,434 INFO  [Log] XXXXXXXXXXXXXXXXXXXXXXX             crm.testcases.HomePage_BasicInfoTest-----E---N---D-             XXXXXXXXXXXXXXXXXXXXXX 
2017-12-22 13:50:44,434 INFO  [Log] X 
2017-12-22 13:50:44,435 INFO  [Log] X 
2017-12-22 14:09:20,926 INFO  [Log] Firefox is launched 
2017-12-22 14:09:28,028 INFO  [Log] CRM PRO url is launched 
2017-12-22 14:09:28,028 INFO  [Log] **************************************************************************************** 
2017-12-22 14:09:28,028 INFO  [Log] **************************************************************************************** 
2017-12-22 14:09:28,028 INFO  [Log] $$$$$$$$$$$$$$$$$$$$$                 crm.testcases.HomePage_BasicInfoTest------S-T-A-R-T-S-      $$$$$$$$$$$$$$$$$$$$$$$$$ 
2017-12-22 14:09:28,028 INFO  [Log] **************************************************************************************** 
2017-12-22 14:09:28,028 INFO  [Log] **************************************************************************************** 
2017-12-22 14:09:38,613 INFO  [Log] user has logged in 
2017-12-22 14:09:38,655 INFO  [Log] Switched to frame of execution 
2017-12-22 14:09:38,956 INFO  [Log] Logged into correct Application: CRMPRO 
2017-12-22 14:09:39,012 INFO  [Log] logged in user is: hemant01 
2017-12-22 14:09:39,269 INFO  [Log] Headers are correct 
2017-12-22 14:09:39,697 INFO  [Log] Menu names displayed 
2017-12-22 14:09:43,150 INFO  [Log] SubMenu names displayed 
2017-12-22 14:09:44,485 INFO  [Log] X 
2017-12-22 14:09:44,485 INFO  [Log] X 
2017-12-22 14:09:44,485 INFO  [Log] XXXXXXXXXXXXXXXXXXXXXXX             crm.testcases.HomePage_BasicInfoTest-----E---N---D-             XXXXXXXXXXXXXXXXXXXXXX 
2017-12-22 14:09:44,485 INFO  [Log] X 
2017-12-22 14:09:44,485 INFO  [Log] X 
2017-12-22 17:22:42,752 INFO  [Log] Firefox is launched 
2017-12-22 17:22:53,297 INFO  [Log] CRM PRO url is launched 
2017-12-22 17:22:53,306 INFO  [Log] **************************************************************************************** 
2017-12-22 17:22:53,306 INFO  [Log] **************************************************************************************** 
2017-12-22 17:22:53,306 INFO  [Log] $$$$$$$$$$$$$$$$$$$$$                 crm.RegressionTestcases.LoginTest------S-T-A-R-T-S-      $$$$$$$$$$$$$$$$$$$$$$$$$ 
2017-12-22 17:22:53,306 INFO  [Log] **************************************************************************************** 
2017-12-22 17:22:53,306 INFO  [Log] **************************************************************************************** 
2017-12-22 17:30:51,801 INFO  [Log] Firefox is launched 
2017-12-22 17:31:02,760 INFO  [Log] CRM PRO url is launched 
2017-12-22 17:31:02,768 INFO  [Log] **************************************************************************************** 
2017-12-22 17:31:02,769 INFO  [Log] **************************************************************************************** 
2017-12-22 17:31:02,769 INFO  [Log] $$$$$$$$$$$$$$$$$$$$$                 crm.RegressionTestcases.LoginTest------S-T-A-R-T-S-      $$$$$$$$$$$$$$$$$$$$$$$$$ 
2017-12-22 17:31:02,769 INFO  [Log] **************************************************************************************** 
2017-12-22 17:31:02,769 INFO  [Log] **************************************************************************************** 
2017-12-22 17:37:59,660 INFO  [Log] Firefox is launched 
2017-12-22 17:38:09,548 INFO  [Log] CRM PRO url is launched 
2017-12-22 17:38:09,557 INFO  [Log] **************************************************************************************** 
2017-12-22 17:38:09,557 INFO  [Log] **************************************************************************************** 
2017-12-22 17:38:09,557 INFO  [Log] $$$$$$$$$$$$$$$$$$$$$                 crm.RegressionTestcases.LoginTest------S-T-A-R-T-S-      $$$$$$$$$$$$$$$$$$$$$$$$$ 
2017-12-22 17:38:09,557 INFO  [Log] **************************************************************************************** 
2017-12-22 17:38:09,557 INFO  [Log] **************************************************************************************** 
2017-12-22 17:40:41,437 INFO  [Log] Firefox is launched 
2017-12-22 17:40:52,323 INFO  [Log] CRM PRO url is launched 
2017-12-22 17:40:52,335 INFO  [Log] **************************************************************************************** 
2017-12-22 17:40:52,335 INFO  [Log] **************************************************************************************** 
2017-12-22 17:40:52,335 INFO  [Log] $$$$$$$$$$$$$$$$$$$$$                 crm.RegressionTestcases.LoginTest------S-T-A-R-T-S-      $$$$$$$$$$$$$$$$$$$$$$$$$ 
2017-12-22 17:40:52,335 INFO  [Log] **************************************************************************************** 
2017-12-22 17:40:52,335 INFO  [Log] **************************************************************************************** 
2017-12-22 17:42:02,965 INFO  [Log] X 
2017-12-22 17:42:02,965 INFO  [Log] X 
2017-12-22 17:42:02,965 INFO  [Log] XXXXXXXXXXXXXXXXXXXXXXX             crm.RegressionTestcases.LoginTest-----E---N---D-             XXXXXXXXXXXXXXXXXXXXXX 
2017-12-22 17:42:02,965 INFO  [Log] X 
2017-12-22 17:42:02,965 INFO  [Log] X 
2017-12-22 17:42:03,534 INFO  [Log] **************************************************************************************** 
2017-12-22 17:42:03,534 INFO  [Log] **************************************************************************************** 
2017-12-22 17:42:03,534 INFO  [Log] $$$$$$$$$$$$$$$$$$$$$                 crm.RegressionTestcases.QuickCreateTest------S-T-A-R-T-S-      $$$$$$$$$$$$$$$$$$$$$$$$$ 
2017-12-22 17:42:03,534 INFO  [Log] **************************************************************************************** 
2017-12-22 17:42:03,534 INFO  [Log] **************************************************************************************** 
2017-12-22 17:42:03,590 INFO  [Log] X 
2017-12-22 17:42:03,590 INFO  [Log] X 
2017-12-22 17:42:03,590 INFO  [Log] XXXXXXXXXXXXXXXXXXXXXXX             crm.RegressionTestcases.QuickCreateTest-----E---N---D-             XXXXXXXXXXXXXXXXXXXXXX 
2017-12-22 17:42:03,590 INFO  [Log] X 
2017-12-22 17:42:03,590 INFO  [Log] X 
2017-12-22 17:42:03,591 INFO  [Log] **************************************************************************************** 
2017-12-22 17:42:03,591 INFO  [Log] **************************************************************************************** 
2017-12-22 17:42:03,591 INFO  [Log] $$$$$$$$$$$$$$$$$$$$$                 crm.RegressionTestcases.HomePage_BasicInfoTest------S-T-A-R-T-S-      $$$$$$$$$$$$$$$$$$$$$$$$$ 
2017-12-22 17:42:03,591 INFO  [Log] **************************************************************************************** 
2017-12-22 17:42:03,591 INFO  [Log] **************************************************************************************** 
2017-12-22 17:44:17,250 INFO  [Log] Firefox is launched 
2017-12-22 17:44:29,603 INFO  [Log] CRM PRO url is launched 
2017-12-22 17:44:29,611 INFO  [Log] **************************************************************************************** 
2017-12-22 17:44:29,611 INFO  [Log] **************************************************************************************** 
2017-12-22 17:44:29,611 INFO  [Log] $$$$$$$$$$$$$$$$$$$$$                 crm.RegressionTestcases.LoginTest------S-T-A-R-T-S-      $$$$$$$$$$$$$$$$$$$$$$$$$ 
2017-12-22 17:44:29,611 INFO  [Log] **************************************************************************************** 
2017-12-22 17:44:29,611 INFO  [Log] **************************************************************************************** 
2017-12-22 17:47:32,626 INFO  [Log] Firefox is launched 
2017-12-22 17:47:42,240 INFO  [Log] CRM PRO url is launched 
2017-12-22 17:47:42,248 INFO  [Log] **************************************************************************************** 
2017-12-22 17:47:42,248 INFO  [Log] **************************************************************************************** 
2017-12-22 17:47:42,248 INFO  [Log] $$$$$$$$$$$$$$$$$$$$$                 crm.RegressionTestcases.LoginTest------S-T-A-R-T-S-      $$$$$$$$$$$$$$$$$$$$$$$$$ 
2017-12-22 17:47:42,248 INFO  [Log] **************************************************************************************** 
2017-12-22 17:47:42,248 INFO  [Log] **************************************************************************************** 
2017-12-22 17:47:52,952 INFO  [Log] Login happended successfully 
2017-12-22 17:47:52,952 INFO  [Log] crm.RegressionTestcases.LoginTest is passed successfully 
2017-12-22 17:47:52,954 INFO  [Log] X 
2017-12-22 17:47:52,954 INFO  [Log] X 
2017-12-22 17:47:52,954 INFO  [Log] XXXXXXXXXXXXXXXXXXXXXXX             crm.RegressionTestcases.LoginTest-----E---N---D-             XXXXXXXXXXXXXXXXXXXXXX 
2017-12-22 17:47:52,954 INFO  [Log] X 
2017-12-22 17:47:52,954 INFO  [Log] X 
2017-12-22 17:47:53,367 INFO  [Log] **************************************************************************************** 
2017-12-22 17:47:53,367 INFO  [Log] **************************************************************************************** 
2017-12-22 17:47:53,367 INFO  [Log] $$$$$$$$$$$$$$$$$$$$$                 crm.RegressionTestcases.QuickCreateTest------S-T-A-R-T-S-      $$$$$$$$$$$$$$$$$$$$$$$$$ 
2017-12-22 17:47:53,367 INFO  [Log] **************************************************************************************** 
2017-12-22 17:47:53,367 INFO  [Log] **************************************************************************************** 
2017-12-22 17:47:53,429 INFO  [Log] X 
2017-12-22 17:47:53,429 INFO  [Log] X 
2017-12-22 17:47:53,429 INFO  [Log] XXXXXXXXXXXXXXXXXXXXXXX             crm.RegressionTestcases.QuickCreateTest-----E---N---D-             XXXXXXXXXXXXXXXXXXXXXX 
2017-12-22 17:47:53,429 INFO  [Log] X 
2017-12-22 17:47:53,429 INFO  [Log] X 
2017-12-22 17:47:53,430 INFO  [Log] **************************************************************************************** 
2017-12-22 17:47:53,430 INFO  [Log] **************************************************************************************** 
2017-12-22 17:47:53,430 INFO  [Log] $$$$$$$$$$$$$$$$$$$$$                 crm.RegressionTestcases.HomePage_BasicInfoTest------S-T-A-R-T-S-      $$$$$$$$$$$$$$$$$$$$$$$$$ 
2017-12-22 17:47:53,430 INFO  [Log] **************************************************************************************** 
2017-12-22 17:47:53,430 INFO  [Log] **************************************************************************************** 
